<?xml version="1.0" encoding="UTF-8"?>
<testng-results ignored="0" total="1" passed="1" failed="0" skipped="0">
  <reporter-output>
  </reporter-output>
  <suite started-at="2023-06-12T18:54:45 IST" name="Default suite" finished-at="2023-06-12T18:54:48 IST" duration-ms="2705">
    <groups>
    </groups>
    <test started-at="2023-06-12T18:54:45 IST" name="Default test" finished-at="2023-06-12T18:54:48 IST" duration-ms="2705">
      <class name="com.qa.basic.restassured.AddPlace">
        <test-method is-config="true" signature="baseURL()[pri:0, instance:com.qa.basic.restassured.AddPlace@44ebcd03]" started-at="2023-06-12T18:54:46 IST" name="baseURL" finished-at="2023-06-12T18:54:46 IST" duration-ms="707" status="PASS">
          <reporter-output>
          </reporter-output>
        </test-method> <!-- baseURL -->
        <test-method signature="addPlace()[pri:0, instance:com.qa.basic.restassured.AddPlace@44ebcd03]" started-at="2023-06-12T18:54:46 IST" name="addPlace" finished-at="2023-06-12T18:54:48 IST" duration-ms="1944" status="PASS">
          <reporter-output>
          </reporter-output>
        </test-method> <!-- addPlace -->
      </class> <!-- com.qa.basic.restassured.AddPlace -->
    </test> <!-- Default test -->
  </suite> <!-- Default suite -->
</testng-results>
